Arguments: 
  C:\cnode\node.exe C:\Users\PC\AppData\Roaming\npm\node_modules\yarn\bin\yarn.js

PATH: 
  C:\Windows\system32;C:\Windows;C:\Windows\System32\Wbem;C:\Windows\System32\WindowsPowerShell\v1.0\;C:\Windows\System32\OpenSSH\;C:\Program Files (x86)\NVIDIA Corporation\PhysX\Common;C:\Program Files\NVIDIA Corporation\NVIDIA NvDLISR;NODE_PATH;H:\nvm\nvm;C:\Program Files\nodejs;C:\cnode\;C:\Program Files\MongoDB\Server\4.4\bin;C:\cnode\node_modules;C:\Program Files\MySQL\MySQL Server 8.0\bin\;C:\Program Files\MySQL\MySQL Shell 8.0\bin\;C:\Users\PC\AppData\Local\Microsoft\WindowsApps;H:\Git\mingw64\bin;H:\code\Microsoft VS Code\bin;C:\Users\PC\AppData\Roaming\npm

Yarn version: 
  1.22.10

Node version: 
  14.15.5

Platform: 
  win32 x64

Trace: 
  Error: EPERM: operation not permitted, copyfile 'C:\Users\PC\AppData\Local\Yarn\Cache\v6\npm-semver-5.7.1-a954f931aeba508d307bbf069eff0c01c96116f7-integrity\node_modules\semver\LICENSE' -> 'C:\Users\PC\Desktop\魏亚飞\gulp学习\gulp-template\node_modules\normalize-package-data\node_modules\semver\LICENSE'

npm manifest: 
  {
    "name": "gulp-template",
    "version": "1.0.0",
    "main": "index.js",
    "license": "MIT",
    "scripts": {
      "serve": "gulp serve",
      "build": "gulp build"
    },
    "devDependencies": {
      "@babel/core": "^7.15.5",
      "@babel/preset-env": "^7.15.6",
      "browser-sync": "^2.27.5",
      "core-js": "3",
      "del": "^6.0.0",
      "gulp": "^4.0.2",
      "gulp-babel": "^8.0.0",
      "gulp-clean": "^0.4.0",
      "gulp-css-base64": "^2.0.0",
      "gulp-cssnano": "^2.1.3",
      "gulp-file-include": "^2.3.0",
      "gulp-htmlmin": "^5.0.1",
      "gulp-inject": "^5.0.5",
      "gulp-postcss": "^9.0.1",
      "gulp-sass": "^5.0.0",
      "gulp-terser": "^2.0.1",
      "postcss": "^8.3.7",
      "postcss-preset-env": "^6.7.0",
      "sass": "^1.42.1"
    }
  }

yarn manifest: 
  No manifest

Lockfile: 
  No lockfile
